<?xml version="1.0" encoding="UTF-8"?>
<testsuite name="cuzcoHotel.CuzcoHotelTest" tests="1" skipped="0" failures="0" errors="0" timestamp="2021-06-15T13:06:21" hostname="AMAC02DTAE5MD6R" time="0.121">
  <properties/>
  <testcase name="it should return a list of rooms" classname="cuzcoHotel.CuzcoHotelTest" time="0.121"/>
  <system-out><![CDATA[]]></system-out>
  <system-err><![CDATA[]]></system-err>
</testsuite>
